{"/Users/sa.choudhary/nginxinc/nginx-gateway-fabric/internal/mode/static/nginx/modules/src/httpmatches.js": {"path":"/Users/sa.choudhary/nginxinc/nginx-gateway-fabric/internal/mode/static/nginx/modules/src/httpmatches.js","all":false,"statementMap":{"0":{"start":{"line":1,"column":0},"end":{"line":1,"column":29}},"1":{"start":{"line":2,"column":0},"end":{"line":2,"column":0}},"2":{"start":{"line":3,"column":0},"end":{"line":3,"column":32}},"3":{"start":{"line":4,"column":0},"end":{"line":4,"column":20}},"4":{"start":{"line":5,"column":0},"end":{"line":5,"column":15}},"5":{"start":{"line":6,"column":0},"end":{"line":6,"column":26}},"6":{"start":{"line":7,"column":0},"end":{"line":7,"column":2}},"7":{"start":{"line":8,"column":0},"end":{"line":8,"column":0}},"8":{"start":{"line":9,"column":0},"end":{"line":9,"column":22}},"9":{"start":{"line":10,"column":0},"end":{"line":10,"column":15}},"10":{"start":{"line":11,"column":0},"end":{"line":11,"column":6}},"11":{"start":{"line":12,"column":0},"end":{"line":12,"column":52}},"12":{"start":{"line":13,"column":0},"end":{"line":13,"column":14}},"13":{"start":{"line":14,"column":0},"end":{"line":14,"column":21}},"14":{"start":{"line":15,"column":0},"end":{"line":15,"column":43}},"15":{"start":{"line":16,"column":0},"end":{"line":16,"column":9}},"16":{"start":{"line":17,"column":0},"end":{"line":17,"column":2}},"17":{"start":{"line":18,"column":0},"end":{"line":18,"column":36}},"18":{"start":{"line":19,"column":0},"end":{"line":19,"column":1}},"19":{"start":{"line":20,"column":0},"end":{"line":20,"column":0}},"20":{"start":{"line":21,"column":0},"end":{"line":21,"column":48}},"21":{"start":{"line":22,"column":0},"end":{"line":22,"column":15}},"22":{"start":{"line":23,"column":0},"end":{"line":23,"column":33}},"23":{"start":{"line":24,"column":0},"end":{"line":24,"column":14}},"24":{"start":{"line":25,"column":0},"end":{"line":25,"column":90}},"25":{"start":{"line":26,"column":0},"end":{"line":26,"column":4}},"26":{"start":{"line":27,"column":0},"end":{"line":27,"column":2}},"27":{"start":{"line":28,"column":0},"end":{"line":28,"column":0}},"28":{"start":{"line":29,"column":0},"end":{"line":29,"column":36}},"29":{"start":{"line":30,"column":0},"end":{"line":30,"column":21}},"30":{"start":{"line":31,"column":0},"end":{"line":31,"column":14}},"31":{"start":{"line":32,"column":0},"end":{"line":32,"column":86}},"32":{"start":{"line":33,"column":0},"end":{"line":33,"column":4}},"33":{"start":{"line":34,"column":0},"end":{"line":34,"column":2}},"34":{"start":{"line":35,"column":0},"end":{"line":35,"column":0}},"35":{"start":{"line":36,"column":0},"end":{"line":36,"column":63}},"36":{"start":{"line":37,"column":0},"end":{"line":37,"column":62}},"37":{"start":{"line":38,"column":0},"end":{"line":38,"column":68}},"38":{"start":{"line":39,"column":0},"end":{"line":39,"column":39}},"39":{"start":{"line":40,"column":0},"end":{"line":40,"column":40}},"40":{"start":{"line":41,"column":0},"end":{"line":41,"column":26}},"41":{"start":{"line":42,"column":0},"end":{"line":42,"column":6}},"42":{"start":{"line":43,"column":0},"end":{"line":43,"column":29}},"43":{"start":{"line":44,"column":0},"end":{"line":44,"column":14}},"44":{"start":{"line":45,"column":0},"end":{"line":45,"column":91}},"45":{"start":{"line":46,"column":0},"end":{"line":46,"column":2}},"46":{"start":{"line":47,"column":0},"end":{"line":47,"column":0}},"47":{"start":{"line":48,"column":0},"end":{"line":48,"column":18}},"48":{"start":{"line":49,"column":0},"end":{"line":49,"column":1}},"49":{"start":{"line":50,"column":0},"end":{"line":50,"column":0}},"50":{"start":{"line":51,"column":0},"end":{"line":51,"column":45}},"51":{"start":{"line":52,"column":0},"end":{"line":52,"column":11}},"52":{"start":{"line":53,"column":0},"end":{"line":53,"column":6}},"53":{"start":{"line":54,"column":0},"end":{"line":54,"column":41}},"54":{"start":{"line":55,"column":0},"end":{"line":55,"column":14}},"55":{"start":{"line":56,"column":0},"end":{"line":56,"column":21}},"56":{"start":{"line":57,"column":0},"end":{"line":57,"column":43}},"57":{"start":{"line":58,"column":0},"end":{"line":58,"column":9}},"58":{"start":{"line":59,"column":0},"end":{"line":59,"column":2}},"59":{"start":{"line":60,"column":0},"end":{"line":60,"column":0}},"60":{"start":{"line":61,"column":0},"end":{"line":61,"column":14}},"61":{"start":{"line":62,"column":0},"end":{"line":62,"column":32}},"62":{"start":{"line":63,"column":0},"end":{"line":63,"column":9}},"63":{"start":{"line":64,"column":0},"end":{"line":64,"column":2}},"64":{"start":{"line":65,"column":0},"end":{"line":65,"column":0}},"65":{"start":{"line":66,"column":0},"end":{"line":66,"column":27}},"66":{"start":{"line":67,"column":0},"end":{"line":67,"column":10}},"67":{"start":{"line":68,"column":0},"end":{"line":68,"column":60}},"68":{"start":{"line":69,"column":0},"end":{"line":69,"column":10}},"69":{"start":{"line":70,"column":0},"end":{"line":70,"column":40}},"70":{"start":{"line":71,"column":0},"end":{"line":71,"column":4}},"71":{"start":{"line":72,"column":0},"end":{"line":72,"column":43}},"72":{"start":{"line":73,"column":0},"end":{"line":73,"column":9}},"73":{"start":{"line":74,"column":0},"end":{"line":74,"column":2}},"74":{"start":{"line":75,"column":0},"end":{"line":75,"column":0}},"75":{"start":{"line":76,"column":0},"end":{"line":76,"column":56}},"76":{"start":{"line":77,"column":0},"end":{"line":77,"column":57}},"77":{"start":{"line":78,"column":0},"end":{"line":78,"column":33}},"78":{"start":{"line":79,"column":0},"end":{"line":79,"column":12}},"79":{"start":{"line":80,"column":0},"end":{"line":80,"column":20}},"80":{"start":{"line":81,"column":0},"end":{"line":81,"column":2}},"81":{"start":{"line":82,"column":0},"end":{"line":82,"column":0}},"82":{"start":{"line":83,"column":0},"end":{"line":83,"column":47}},"83":{"start":{"line":84,"column":0},"end":{"line":84,"column":1}},"84":{"start":{"line":85,"column":0},"end":{"line":85,"column":0}},"85":{"start":{"line":86,"column":0},"end":{"line":86,"column":37}},"86":{"start":{"line":87,"column":0},"end":{"line":87,"column":33}},"87":{"start":{"line":88,"column":0},"end":{"line":88,"column":91}},"88":{"start":{"line":89,"column":0},"end":{"line":89,"column":2}},"89":{"start":{"line":90,"column":0},"end":{"line":90,"column":0}},"90":{"start":{"line":91,"column":0},"end":{"line":91,"column":30}},"91":{"start":{"line":92,"column":0},"end":{"line":92,"column":71}},"92":{"start":{"line":93,"column":0},"end":{"line":93,"column":2}},"93":{"start":{"line":94,"column":0},"end":{"line":94,"column":0}},"94":{"start":{"line":95,"column":0},"end":{"line":95,"column":8}},"95":{"start":{"line":96,"column":0},"end":{"line":96,"column":1}},"96":{"start":{"line":97,"column":0},"end":{"line":97,"column":0}},"97":{"start":{"line":98,"column":0},"end":{"line":98,"column":39}},"98":{"start":{"line":99,"column":0},"end":{"line":99,"column":43}},"99":{"start":{"line":100,"column":0},"end":{"line":100,"column":7}},"100":{"start":{"line":101,"column":0},"end":{"line":101,"column":40}},"101":{"start":{"line":102,"column":0},"end":{"line":102,"column":15}},"102":{"start":{"line":103,"column":0},"end":{"line":103,"column":22}},"103":{"start":{"line":104,"column":0},"end":{"line":104,"column":4}},"104":{"start":{"line":105,"column":0},"end":{"line":105,"column":15}},"105":{"start":{"line":106,"column":0},"end":{"line":106,"column":11}},"106":{"start":{"line":107,"column":0},"end":{"line":107,"column":3}},"107":{"start":{"line":108,"column":0},"end":{"line":108,"column":2}},"108":{"start":{"line":109,"column":0},"end":{"line":109,"column":0}},"109":{"start":{"line":110,"column":0},"end":{"line":110,"column":13}},"110":{"start":{"line":111,"column":0},"end":{"line":111,"column":1}},"111":{"start":{"line":112,"column":0},"end":{"line":112,"column":0}},"112":{"start":{"line":113,"column":0},"end":{"line":113,"column":30}},"113":{"start":{"line":114,"column":0},"end":{"line":114,"column":17}},"114":{"start":{"line":115,"column":0},"end":{"line":115,"column":17}},"115":{"start":{"line":116,"column":0},"end":{"line":116,"column":14}},"116":{"start":{"line":117,"column":0},"end":{"line":117,"column":2}},"117":{"start":{"line":118,"column":0},"end":{"line":118,"column":0}},"118":{"start":{"line":119,"column":0},"end":{"line":119,"column":16}},"119":{"start":{"line":120,"column":0},"end":{"line":120,"column":49}},"120":{"start":{"line":121,"column":0},"end":{"line":121,"column":15}},"121":{"start":{"line":122,"column":0},"end":{"line":122,"column":2}},"122":{"start":{"line":123,"column":0},"end":{"line":123,"column":0}},"123":{"start":{"line":124,"column":0},"end":{"line":124,"column":17}},"124":{"start":{"line":125,"column":0},"end":{"line":125,"column":21}},"125":{"start":{"line":126,"column":0},"end":{"line":126,"column":7}},"126":{"start":{"line":127,"column":0},"end":{"line":127,"column":56}},"127":{"start":{"line":128,"column":0},"end":{"line":128,"column":16}},"128":{"start":{"line":129,"column":0},"end":{"line":129,"column":17}},"129":{"start":{"line":130,"column":0},"end":{"line":130,"column":4}},"130":{"start":{"line":131,"column":0},"end":{"line":131,"column":15}},"131":{"start":{"line":132,"column":0},"end":{"line":132,"column":11}},"132":{"start":{"line":133,"column":0},"end":{"line":133,"column":3}},"133":{"start":{"line":134,"column":0},"end":{"line":134,"column":2}},"134":{"start":{"line":135,"column":0},"end":{"line":135,"column":0}},"135":{"start":{"line":136,"column":0},"end":{"line":136,"column":16}},"136":{"start":{"line":137,"column":0},"end":{"line":137,"column":20}},"137":{"start":{"line":138,"column":0},"end":{"line":138,"column":7}},"138":{"start":{"line":139,"column":0},"end":{"line":139,"column":49}},"139":{"start":{"line":140,"column":0},"end":{"line":140,"column":16}},"140":{"start":{"line":141,"column":0},"end":{"line":141,"column":17}},"141":{"start":{"line":142,"column":0},"end":{"line":142,"column":4}},"142":{"start":{"line":143,"column":0},"end":{"line":143,"column":15}},"143":{"start":{"line":144,"column":0},"end":{"line":144,"column":11}},"144":{"start":{"line":145,"column":0},"end":{"line":145,"column":3}},"145":{"start":{"line":146,"column":0},"end":{"line":146,"column":2}},"146":{"start":{"line":147,"column":0},"end":{"line":147,"column":0}},"147":{"start":{"line":148,"column":0},"end":{"line":148,"column":53}},"148":{"start":{"line":149,"column":0},"end":{"line":149,"column":13}},"149":{"start":{"line":150,"column":0},"end":{"line":150,"column":1}},"150":{"start":{"line":151,"column":0},"end":{"line":151,"column":0}},"151":{"start":{"line":152,"column":0},"end":{"line":152,"column":48}},"152":{"start":{"line":153,"column":0},"end":{"line":153,"column":43}},"153":{"start":{"line":154,"column":0},"end":{"line":154,"column":23}},"154":{"start":{"line":155,"column":0},"end":{"line":155,"column":26}},"155":{"start":{"line":156,"column":0},"end":{"line":156,"column":0}},"156":{"start":{"line":157,"column":0},"end":{"line":157,"column":24}},"157":{"start":{"line":158,"column":0},"end":{"line":158,"column":45}},"158":{"start":{"line":159,"column":0},"end":{"line":159,"column":3}},"159":{"start":{"line":160,"column":0},"end":{"line":160,"column":110}},"160":{"start":{"line":161,"column":0},"end":{"line":161,"column":77}},"161":{"start":{"line":162,"column":0},"end":{"line":162,"column":82}},"162":{"start":{"line":163,"column":0},"end":{"line":163,"column":34}},"163":{"start":{"line":164,"column":0},"end":{"line":164,"column":0}},"164":{"start":{"line":165,"column":0},"end":{"line":165,"column":13}},"165":{"start":{"line":166,"column":0},"end":{"line":166,"column":16}},"166":{"start":{"line":167,"column":0},"end":{"line":167,"column":3}},"167":{"start":{"line":168,"column":0},"end":{"line":168,"column":0}},"168":{"start":{"line":169,"column":0},"end":{"line":169,"column":79}},"169":{"start":{"line":170,"column":0},"end":{"line":170,"column":32}},"170":{"start":{"line":171,"column":0},"end":{"line":171,"column":0}},"171":{"start":{"line":172,"column":0},"end":{"line":172,"column":19}},"172":{"start":{"line":173,"column":0},"end":{"line":173,"column":36}},"173":{"start":{"line":174,"column":0},"end":{"line":174,"column":58}},"174":{"start":{"line":175,"column":0},"end":{"line":175,"column":53}},"175":{"start":{"line":176,"column":0},"end":{"line":176,"column":3}},"176":{"start":{"line":177,"column":0},"end":{"line":177,"column":0}},"177":{"start":{"line":178,"column":0},"end":{"line":178,"column":25}},"178":{"start":{"line":179,"column":0},"end":{"line":179,"column":23}},"179":{"start":{"line":180,"column":0},"end":{"line":180,"column":33}},"180":{"start":{"line":181,"column":0},"end":{"line":181,"column":17}},"181":{"start":{"line":182,"column":0},"end":{"line":182,"column":4}},"182":{"start":{"line":183,"column":0},"end":{"line":183,"column":44}},"183":{"start":{"line":184,"column":0},"end":{"line":184,"column":24}},"184":{"start":{"line":185,"column":0},"end":{"line":185,"column":60}},"185":{"start":{"line":186,"column":0},"end":{"line":186,"column":56}},"186":{"start":{"line":187,"column":0},"end":{"line":187,"column":17}},"187":{"start":{"line":188,"column":0},"end":{"line":188,"column":4}},"188":{"start":{"line":189,"column":0},"end":{"line":189,"column":3}},"189":{"start":{"line":190,"column":0},"end":{"line":190,"column":2}},"190":{"start":{"line":191,"column":0},"end":{"line":191,"column":0}},"191":{"start":{"line":192,"column":0},"end":{"line":192,"column":13}},"192":{"start":{"line":193,"column":0},"end":{"line":193,"column":1}},"193":{"start":{"line":194,"column":0},"end":{"line":194,"column":0}},"194":{"start":{"line":195,"column":0},"end":{"line":195,"column":45}},"195":{"start":{"line":196,"column":0},"end":{"line":196,"column":27}},"196":{"start":{"line":197,"column":0},"end":{"line":197,"column":42}},"197":{"start":{"line":198,"column":0},"end":{"line":198,"column":20}},"198":{"start":{"line":199,"column":0},"end":{"line":199,"column":123}},"199":{"start":{"line":200,"column":0},"end":{"line":200,"column":35}},"200":{"start":{"line":201,"column":0},"end":{"line":201,"column":93}},"201":{"start":{"line":202,"column":0},"end":{"line":202,"column":34}},"202":{"start":{"line":203,"column":0},"end":{"line":203,"column":0}},"203":{"start":{"line":204,"column":0},"end":{"line":204,"column":23}},"204":{"start":{"line":205,"column":0},"end":{"line":205,"column":99}},"205":{"start":{"line":206,"column":0},"end":{"line":206,"column":87}},"206":{"start":{"line":207,"column":0},"end":{"line":207,"column":85}},"207":{"start":{"line":208,"column":0},"end":{"line":208,"column":42}},"208":{"start":{"line":209,"column":0},"end":{"line":209,"column":48}},"209":{"start":{"line":210,"column":0},"end":{"line":210,"column":3}},"210":{"start":{"line":211,"column":0},"end":{"line":211,"column":0}},"211":{"start":{"line":212,"column":0},"end":{"line":212,"column":49}},"212":{"start":{"line":213,"column":0},"end":{"line":213,"column":43}},"213":{"start":{"line":214,"column":0},"end":{"line":214,"column":0}},"214":{"start":{"line":215,"column":0},"end":{"line":215,"column":101}},"215":{"start":{"line":216,"column":0},"end":{"line":216,"column":104}},"216":{"start":{"line":217,"column":0},"end":{"line":217,"column":105}},"217":{"start":{"line":218,"column":0},"end":{"line":218,"column":111}},"218":{"start":{"line":219,"column":0},"end":{"line":219,"column":56}},"219":{"start":{"line":220,"column":0},"end":{"line":220,"column":48}},"220":{"start":{"line":221,"column":0},"end":{"line":221,"column":3}},"221":{"start":{"line":222,"column":0},"end":{"line":222,"column":0}},"222":{"start":{"line":223,"column":0},"end":{"line":223,"column":43}},"223":{"start":{"line":224,"column":0},"end":{"line":224,"column":42}},"224":{"start":{"line":225,"column":0},"end":{"line":225,"column":0}},"225":{"start":{"line":226,"column":0},"end":{"line":226,"column":58}},"226":{"start":{"line":227,"column":0},"end":{"line":227,"column":53}},"227":{"start":{"line":228,"column":0},"end":{"line":228,"column":3}},"228":{"start":{"line":229,"column":0},"end":{"line":229,"column":0}},"229":{"start":{"line":230,"column":0},"end":{"line":230,"column":50}},"230":{"start":{"line":231,"column":0},"end":{"line":231,"column":52}},"231":{"start":{"line":232,"column":0},"end":{"line":232,"column":0}},"232":{"start":{"line":233,"column":0},"end":{"line":233,"column":55}},"233":{"start":{"line":234,"column":0},"end":{"line":234,"column":68}},"234":{"start":{"line":235,"column":0},"end":{"line":235,"column":87}},"235":{"start":{"line":236,"column":0},"end":{"line":236,"column":33}},"236":{"start":{"line":237,"column":0},"end":{"line":237,"column":13}},"237":{"start":{"line":238,"column":0},"end":{"line":238,"column":16}},"238":{"start":{"line":239,"column":0},"end":{"line":239,"column":3}},"239":{"start":{"line":240,"column":0},"end":{"line":240,"column":0}},"240":{"start":{"line":241,"column":0},"end":{"line":241,"column":112}},"241":{"start":{"line":242,"column":0},"end":{"line":242,"column":27}},"242":{"start":{"line":243,"column":0},"end":{"line":243,"column":16}},"243":{"start":{"line":244,"column":0},"end":{"line":244,"column":3}},"244":{"start":{"line":245,"column":0},"end":{"line":245,"column":0}},"245":{"start":{"line":246,"column":0},"end":{"line":246,"column":25}},"246":{"start":{"line":247,"column":0},"end":{"line":247,"column":23}},"247":{"start":{"line":248,"column":0},"end":{"line":248,"column":23}},"248":{"start":{"line":249,"column":0},"end":{"line":249,"column":17}},"249":{"start":{"line":250,"column":0},"end":{"line":250,"column":4}},"250":{"start":{"line":251,"column":0},"end":{"line":251,"column":44}},"251":{"start":{"line":252,"column":0},"end":{"line":252,"column":24}},"252":{"start":{"line":253,"column":0},"end":{"line":253,"column":38}},"253":{"start":{"line":254,"column":0},"end":{"line":254,"column":17}},"254":{"start":{"line":255,"column":0},"end":{"line":255,"column":4}},"255":{"start":{"line":256,"column":0},"end":{"line":256,"column":3}},"256":{"start":{"line":257,"column":0},"end":{"line":257,"column":2}},"257":{"start":{"line":258,"column":0},"end":{"line":258,"column":0}},"258":{"start":{"line":259,"column":0},"end":{"line":259,"column":13}},"259":{"start":{"line":260,"column":0},"end":{"line":260,"column":1}},"260":{"start":{"line":261,"column":0},"end":{"line":261,"column":0}},"261":{"start":{"line":262,"column":0},"end":{"line":262,"column":16}},"262":{"start":{"line":263,"column":0},"end":{"line":263,"column":10}},"263":{"start":{"line":264,"column":0},"end":{"line":264,"column":22}},"264":{"start":{"line":265,"column":0},"end":{"line":265,"column":27}},"265":{"start":{"line":266,"column":0},"end":{"line":266,"column":13}},"266":{"start":{"line":267,"column":0},"end":{"line":267,"column":17}},"267":{"start":{"line":268,"column":0},"end":{"line":268,"column":11}},"268":{"start":{"line":269,"column":0},"end":{"line":269,"column":18}},"269":{"start":{"line":270,"column":0},"end":{"line":270,"column":14}},"270":{"start":{"line":271,"column":0},"end":{"line":271,"column":13}},"271":{"start":{"line":272,"column":0},"end":{"line":272,"column":12}},"272":{"start":{"line":273,"column":0},"end":{"line":273,"column":2}}},"s":{"0":1,"1":1,"2":1,"3":1,"4":1,"5":1,"6":1,"7":1,"8":0,"9":0,"10":0,"11":0,"12":0,"13":0,"14":0,"15":0,"16":0,"17":0,"18":0,"19":1,"20":4,"21":4,"22":4,"23":1,"24":1,"25":1,"26":1,"27":3,"28":3,"29":4,"30":1,"31":1,"32":1,"33":1,"34":2,"35":2,"36":2,"37":2,"38":2,"39":2,"40":2,"41":2,"42":2,"43":4,"44":1,"45":1,"46":1,"47":1,"48":1,"49":1,"50":5,"51":5,"52":5,"53":5,"54":5,"55":2,"56":2,"57":2,"58":2,"59":3,"60":5,"61":1,"62":1,"63":1,"64":2,"65":5,"66":1,"67":1,"68":1,"69":1,"70":1,"71":1,"72":1,"73":1,"74":1,"75":1,"76":1,"77":1,"78":1,"79":1,"80":1,"81":1,"82":1,"83":1,"84":1,"85":4,"86":4,"87":2,"88":2,"89":2,"90":4,"91":1,"92":1,"93":1,"94":1,"95":1,"96":1,"97":8,"98":8,"99":14,"100":14,"101":14,"102":3,"103":3,"104":14,"105":2,"106":2,"107":14,"108":2,"109":2,"110":2,"111":1,"112":24,"113":24,"114":24,"115":1,"116":1,"117":23,"118":23,"119":24,"120":3,"121":3,"122":20,"123":20,"124":24,"125":12,"126":12,"127":12,"128":5,"129":5,"130":12,"131":3,"132":3,"133":12,"134":12,"135":12,"136":24,"137":9,"138":9,"139":9,"140":4,"141":4,"142":9,"143":1,"144":1,"145":9,"146":7,"147":7,"148":7,"149":7,"150":1,"151":19,"152":19,"153":23,"154":23,"155":23,"156":23,"157":5,"158":5,"159":18,"160":18,"161":18,"162":18,"163":18,"164":23,"165":4,"166":4,"167":14,"168":14,"169":14,"170":14,"171":14,"172":14,"173":23,"174":1,"175":1,"176":13,"177":23,"178":11,"179":11,"180":2,"181":2,"182":23,"183":2,"184":2,"185":2,"186":1,"187":1,"188":2,"189":23,"190":10,"191":10,"192":10,"193":1,"194":23,"195":23,"196":23,"197":34,"198":34,"199":34,"200":34,"201":34,"202":34,"203":34,"204":34,"205":34,"206":34,"207":34,"208":3,"209":3,"210":31,"211":31,"212":31,"213":31,"214":31,"215":31,"216":31,"217":31,"218":34,"219":1,"220":1,"221":30,"222":30,"223":30,"224":30,"225":34,"226":1,"227":1,"228":29,"229":29,"230":29,"231":29,"232":29,"233":29,"234":29,"235":29,"236":34,"237":7,"238":7,"239":22,"240":22,"241":34,"242":2,"243":2,"244":22,"245":34,"246":20,"247":20,"248":3,"249":3,"250":34,"251":2,"252":2,"253":1,"254":1,"255":2,"256":34,"257":7,"258":7,"259":7,"260":1,"261":1,"262":1,"263":1,"264":1,"265":1,"266":1,"267":1,"268":1,"269":1,"270":1,"271":1,"272":1},"branchMap":{"0":{"type":"branch","line":21,"loc":{"start":{"line":21,"column":0},"end":{"line":49,"column":1}},"locations":[{"start":{"line":21,"column":0},"end":{"line":49,"column":1}}]},"1":{"type":"branch","line":23,"loc":{"start":{"line":23,"column":32},"end":{"line":27,"column":2}},"locations":[{"start":{"line":23,"column":32},"end":{"line":27,"column":2}}]},"2":{"type":"branch","line":28,"loc":{"start":{"line":28,"column":-1},"end":{"line":30,"column":20}},"locations":[{"start":{"line":28,"column":-1},"end":{"line":30,"column":20}}]},"3":{"type":"branch","line":30,"loc":{"start":{"line":30,"column":20},"end":{"line":34,"column":2}},"locations":[{"start":{"line":30,"column":20},"end":{"line":34,"column":2}}]},"4":{"type":"branch","line":35,"loc":{"start":{"line":35,"column":-1},"end":{"line":44,"column":3}},"locations":[{"start":{"line":35,"column":-1},"end":{"line":44,"column":3}}]},"5":{"type":"branch","line":44,"loc":{"start":{"line":44,"column":3},"end":{"line":49,"column":1}},"locations":[{"start":{"line":44,"column":3},"end":{"line":49,"column":1}}]},"6":{"type":"branch","line":51,"loc":{"start":{"line":51,"column":0},"end":{"line":84,"column":1}},"locations":[{"start":{"line":51,"column":0},"end":{"line":84,"column":1}}]},"7":{"type":"branch","line":55,"loc":{"start":{"line":55,"column":3},"end":{"line":59,"column":2}},"locations":[{"start":{"line":55,"column":3},"end":{"line":59,"column":2}}]},"8":{"type":"branch","line":60,"loc":{"start":{"line":60,"column":-1},"end":{"line":61,"column":13}},"locations":[{"start":{"line":60,"column":-1},"end":{"line":61,"column":13}}]},"9":{"type":"branch","line":61,"loc":{"start":{"line":61,"column":13},"end":{"line":64,"column":2}},"locations":[{"start":{"line":61,"column":13},"end":{"line":64,"column":2}}]},"10":{"type":"branch","line":65,"loc":{"start":{"line":65,"column":-1},"end":{"line":66,"column":26}},"locations":[{"start":{"line":65,"column":-1},"end":{"line":66,"column":26}}]},"11":{"type":"branch","line":66,"loc":{"start":{"line":66,"column":26},"end":{"line":84,"column":1}},"locations":[{"start":{"line":66,"column":26},"end":{"line":84,"column":1}}]},"12":{"type":"branch","line":86,"loc":{"start":{"line":86,"column":0},"end":{"line":96,"column":1}},"locations":[{"start":{"line":86,"column":0},"end":{"line":96,"column":1}}]},"13":{"type":"branch","line":87,"loc":{"start":{"line":87,"column":32},"end":{"line":91,"column":29}},"locations":[{"start":{"line":87,"column":32},"end":{"line":91,"column":29}}]},"14":{"type":"branch","line":91,"loc":{"start":{"line":91,"column":29},"end":{"line":96,"column":1}},"locations":[{"start":{"line":91,"column":29},"end":{"line":96,"column":1}}]},"15":{"type":"branch","line":98,"loc":{"start":{"line":98,"column":0},"end":{"line":111,"column":1}},"locations":[{"start":{"line":98,"column":0},"end":{"line":111,"column":1}}]},"16":{"type":"branch","line":99,"loc":{"start":{"line":99,"column":42},"end":{"line":108,"column":2}},"locations":[{"start":{"line":99,"column":42},"end":{"line":108,"column":2}}]},"17":{"type":"branch","line":102,"loc":{"start":{"line":102,"column":14},"end":{"line":104,"column":4}},"locations":[{"start":{"line":102,"column":14},"end":{"line":104,"column":4}}]},"18":{"type":"branch","line":105,"loc":{"start":{"line":105,"column":4},"end":{"line":107,"column":3}},"locations":[{"start":{"line":105,"column":4},"end":{"line":107,"column":3}}]},"19":{"type":"branch","line":109,"loc":{"start":{"line":109,"column":-1},"end":{"line":111,"column":1}},"locations":[{"start":{"line":109,"column":-1},"end":{"line":111,"column":1}}]},"20":{"type":"branch","line":113,"loc":{"start":{"line":113,"column":0},"end":{"line":150,"column":1}},"locations":[{"start":{"line":113,"column":0},"end":{"line":150,"column":1}}]},"21":{"type":"branch","line":115,"loc":{"start":{"line":115,"column":16},"end":{"line":117,"column":2}},"locations":[{"start":{"line":115,"column":16},"end":{"line":117,"column":2}}]},"22":{"type":"branch","line":118,"loc":{"start":{"line":118,"column":-1},"end":{"line":120,"column":18}},"locations":[{"start":{"line":118,"column":-1},"end":{"line":120,"column":18}}]},"23":{"type":"branch","line":120,"loc":{"start":{"line":120,"column":18},"end":{"line":120,"column":46}},"locations":[{"start":{"line":120,"column":18},"end":{"line":120,"column":46}}]},"24":{"type":"branch","line":120,"loc":{"start":{"line":120,"column":48},"end":{"line":122,"column":2}},"locations":[{"start":{"line":120,"column":48},"end":{"line":122,"column":2}}]},"25":{"type":"branch","line":123,"loc":{"start":{"line":123,"column":-1},"end":{"line":125,"column":20}},"locations":[{"start":{"line":123,"column":-1},"end":{"line":125,"column":20}}]},"26":{"type":"branch","line":125,"loc":{"start":{"line":125,"column":20},"end":{"line":137,"column":19}},"locations":[{"start":{"line":125,"column":20},"end":{"line":137,"column":19}}]},"27":{"type":"branch","line":128,"loc":{"start":{"line":128,"column":15},"end":{"line":130,"column":4}},"locations":[{"start":{"line":128,"column":15},"end":{"line":130,"column":4}}]},"28":{"type":"branch","line":131,"loc":{"start":{"line":131,"column":4},"end":{"line":133,"column":3}},"locations":[{"start":{"line":131,"column":4},"end":{"line":133,"column":3}}]},"29":{"type":"branch","line":137,"loc":{"start":{"line":137,"column":19},"end":{"line":146,"column":2}},"locations":[{"start":{"line":137,"column":19},"end":{"line":146,"column":2}}]},"30":{"type":"branch","line":140,"loc":{"start":{"line":140,"column":15},"end":{"line":142,"column":4}},"locations":[{"start":{"line":140,"column":15},"end":{"line":142,"column":4}}]},"31":{"type":"branch","line":143,"loc":{"start":{"line":143,"column":4},"end":{"line":145,"column":3}},"locations":[{"start":{"line":143,"column":4},"end":{"line":145,"column":3}}]},"32":{"type":"branch","line":147,"loc":{"start":{"line":147,"column":-1},"end":{"line":150,"column":1}},"locations":[{"start":{"line":147,"column":-1},"end":{"line":150,"column":1}}]},"33":{"type":"branch","line":152,"loc":{"start":{"line":152,"column":0},"end":{"line":193,"column":1}},"locations":[{"start":{"line":152,"column":0},"end":{"line":193,"column":1}}]},"34":{"type":"branch","line":153,"loc":{"start":{"line":153,"column":42},"end":{"line":190,"column":2}},"locations":[{"start":{"line":153,"column":42},"end":{"line":190,"column":2}}]},"35":{"type":"branch","line":157,"loc":{"start":{"line":157,"column":23},"end":{"line":159,"column":3}},"locations":[{"start":{"line":157,"column":23},"end":{"line":159,"column":3}}]},"36":{"type":"branch","line":160,"loc":{"start":{"line":160,"column":-1},"end":{"line":165,"column":12}},"locations":[{"start":{"line":160,"column":-1},"end":{"line":165,"column":12}}]},"37":{"type":"branch","line":165,"loc":{"start":{"line":165,"column":12},"end":{"line":167,"column":3}},"locations":[{"start":{"line":165,"column":12},"end":{"line":167,"column":3}}]},"38":{"type":"branch","line":168,"loc":{"start":{"line":168,"column":-1},"end":{"line":174,"column":24}},"locations":[{"start":{"line":168,"column":-1},"end":{"line":174,"column":24}}]},"39":{"type":"branch","line":174,"loc":{"start":{"line":174,"column":24},"end":{"line":174,"column":54}},"locations":[{"start":{"line":174,"column":24},"end":{"line":174,"column":54}}]},"40":{"type":"branch","line":174,"loc":{"start":{"line":174,"column":57},"end":{"line":176,"column":3}},"locations":[{"start":{"line":174,"column":57},"end":{"line":176,"column":3}}]},"41":{"type":"branch","line":177,"loc":{"start":{"line":177,"column":-1},"end":{"line":178,"column":24}},"locations":[{"start":{"line":177,"column":-1},"end":{"line":178,"column":24}}]},"42":{"type":"branch","line":178,"loc":{"start":{"line":178,"column":24},"end":{"line":183,"column":3}},"locations":[{"start":{"line":178,"column":24},"end":{"line":183,"column":3}}]},"43":{"type":"branch","line":180,"loc":{"start":{"line":180,"column":32},"end":{"line":182,"column":4}},"locations":[{"start":{"line":180,"column":32},"end":{"line":182,"column":4}}]},"44":{"type":"branch","line":183,"loc":{"start":{"line":183,"column":3},"end":{"line":189,"column":3}},"locations":[{"start":{"line":183,"column":3},"end":{"line":189,"column":3}}]},"45":{"type":"branch","line":186,"loc":{"start":{"line":186,"column":55},"end":{"line":188,"column":4}},"locations":[{"start":{"line":186,"column":55},"end":{"line":188,"column":4}}]},"46":{"type":"branch","line":191,"loc":{"start":{"line":191,"column":-1},"end":{"line":193,"column":1}},"locations":[{"start":{"line":191,"column":-1},"end":{"line":193,"column":1}}]},"47":{"type":"branch","line":185,"loc":{"start":{"line":185,"column":28},"end":{"line":185,"column":58}},"locations":[{"start":{"line":185,"column":28},"end":{"line":185,"column":58}}]},"48":{"type":"branch","line":186,"loc":{"start":{"line":186,"column":20},"end":{"line":186,"column":52}},"locations":[{"start":{"line":186,"column":20},"end":{"line":186,"column":52}}]},"49":{"type":"branch","line":195,"loc":{"start":{"line":195,"column":0},"end":{"line":260,"column":1}},"locations":[{"start":{"line":195,"column":0},"end":{"line":260,"column":1}}]},"50":{"type":"branch","line":197,"loc":{"start":{"line":197,"column":41},"end":{"line":257,"column":2}},"locations":[{"start":{"line":197,"column":41},"end":{"line":257,"column":2}}]},"51":{"type":"branch","line":208,"loc":{"start":{"line":208,"column":22},"end":{"line":208,"column":39}},"locations":[{"start":{"line":208,"column":22},"end":{"line":208,"column":39}}]},"52":{"type":"branch","line":208,"loc":{"start":{"line":208,"column":41},"end":{"line":210,"column":3}},"locations":[{"start":{"line":208,"column":41},"end":{"line":210,"column":3}}]},"53":{"type":"branch","line":211,"loc":{"start":{"line":211,"column":-1},"end":{"line":219,"column":29}},"locations":[{"start":{"line":211,"column":-1},"end":{"line":219,"column":29}}]},"54":{"type":"branch","line":219,"loc":{"start":{"line":219,"column":30},"end":{"line":219,"column":53}},"locations":[{"start":{"line":219,"column":30},"end":{"line":219,"column":53}}]},"55":{"type":"branch","line":219,"loc":{"start":{"line":219,"column":55},"end":{"line":221,"column":3}},"locations":[{"start":{"line":219,"column":55},"end":{"line":221,"column":3}}]},"56":{"type":"branch","line":222,"loc":{"start":{"line":222,"column":-1},"end":{"line":226,"column":24}},"locations":[{"start":{"line":222,"column":-1},"end":{"line":226,"column":24}}]},"57":{"type":"branch","line":226,"loc":{"start":{"line":226,"column":24},"end":{"line":226,"column":54}},"locations":[{"start":{"line":226,"column":24},"end":{"line":226,"column":54}}]},"58":{"type":"branch","line":226,"loc":{"start":{"line":226,"column":57},"end":{"line":228,"column":3}},"locations":[{"start":{"line":226,"column":57},"end":{"line":228,"column":3}}]},"59":{"type":"branch","line":229,"loc":{"start":{"line":229,"column":-1},"end":{"line":237,"column":12}},"locations":[{"start":{"line":229,"column":-1},"end":{"line":237,"column":12}}]},"60":{"type":"branch","line":237,"loc":{"start":{"line":237,"column":12},"end":{"line":239,"column":3}},"locations":[{"start":{"line":237,"column":12},"end":{"line":239,"column":3}}]},"61":{"type":"branch","line":240,"loc":{"start":{"line":240,"column":-1},"end":{"line":242,"column":26}},"locations":[{"start":{"line":240,"column":-1},"end":{"line":242,"column":26}}]},"62":{"type":"branch","line":242,"loc":{"start":{"line":242,"column":26},"end":{"line":244,"column":3}},"locations":[{"start":{"line":242,"column":26},"end":{"line":244,"column":3}}]},"63":{"type":"branch","line":245,"loc":{"start":{"line":245,"column":-1},"end":{"line":246,"column":24}},"locations":[{"start":{"line":245,"column":-1},"end":{"line":246,"column":24}}]},"64":{"type":"branch","line":246,"loc":{"start":{"line":246,"column":24},"end":{"line":251,"column":3}},"locations":[{"start":{"line":246,"column":24},"end":{"line":251,"column":3}}]},"65":{"type":"branch","line":248,"loc":{"start":{"line":248,"column":22},"end":{"line":250,"column":4}},"locations":[{"start":{"line":248,"column":22},"end":{"line":250,"column":4}}]},"66":{"type":"branch","line":251,"loc":{"start":{"line":251,"column":3},"end":{"line":256,"column":3}},"locations":[{"start":{"line":251,"column":3},"end":{"line":256,"column":3}}]},"67":{"type":"branch","line":253,"loc":{"start":{"line":253,"column":37},"end":{"line":255,"column":4}},"locations":[{"start":{"line":253,"column":37},"end":{"line":255,"column":4}}]},"68":{"type":"branch","line":258,"loc":{"start":{"line":258,"column":-1},"end":{"line":260,"column":1}},"locations":[{"start":{"line":258,"column":-1},"end":{"line":260,"column":1}}]}},"b":{"0":[4],"1":[1],"2":[3],"3":[1],"4":[2],"5":[1],"6":[5],"7":[2],"8":[3],"9":[1],"10":[2],"11":[1],"12":[4],"13":[2],"14":[1],"15":[8],"16":[14],"17":[3],"18":[2],"19":[2],"20":[24],"21":[1],"22":[23],"23":[9],"24":[3],"25":[20],"26":[12],"27":[5],"28":[3],"29":[9],"30":[4],"31":[1],"32":[7],"33":[19],"34":[23],"35":[5],"36":[18],"37":[4],"38":[14],"39":[3],"40":[1],"41":[13],"42":[11],"43":[2],"44":[2],"45":[1],"46":[10],"47":[2],"48":[2],"49":[23],"50":[34],"51":[32],"52":[3],"53":[31],"54":[31],"55":[1],"56":[30],"57":[3],"58":[1],"59":[29],"60":[7],"61":[22],"62":[2],"63":[22],"64":[20],"65":[3],"66":[2],"67":[1],"68":[7]},"fnMap":{"0":{"name":"redirect","decl":{"start":{"line":9,"column":0},"end":{"line":19,"column":1}},"loc":{"start":{"line":9,"column":0},"end":{"line":19,"column":1}},"line":9},"1":{"name":"extractMatchesFromRequest","decl":{"start":{"line":21,"column":0},"end":{"line":49,"column":1}},"loc":{"start":{"line":21,"column":0},"end":{"line":49,"column":1}},"line":21},"2":{"name":"redirectForMatchList","decl":{"start":{"line":51,"column":0},"end":{"line":84,"column":1}},"loc":{"start":{"line":51,"column":0},"end":{"line":84,"column":1}},"line":51},"3":{"name":"verifyMatchList","decl":{"start":{"line":86,"column":0},"end":{"line":96,"column":1}},"loc":{"start":{"line":86,"column":0},"end":{"line":96,"column":1}},"line":86},"4":{"name":"findWinningMatch","decl":{"start":{"line":98,"column":0},"end":{"line":111,"column":1}},"loc":{"start":{"line":98,"column":0},"end":{"line":111,"column":1}},"line":98},"5":{"name":"testMatch","decl":{"start":{"line":113,"column":0},"end":{"line":150,"column":1}},"loc":{"start":{"line":113,"column":0},"end":{"line":150,"column":1}},"line":113},"6":{"name":"headersMatch","decl":{"start":{"line":152,"column":0},"end":{"line":193,"column":1}},"loc":{"start":{"line":152,"column":0},"end":{"line":193,"column":1}},"line":152},"7":{"name":"paramsMatch","decl":{"start":{"line":195,"column":0},"end":{"line":260,"column":1}},"loc":{"start":{"line":195,"column":0},"end":{"line":260,"column":1}},"line":195}},"f":{"0":0,"1":4,"2":5,"3":4,"4":8,"5":24,"6":19,"7":23}}
}
